Line 21: Class MSComctlLib.ListView of control ListView1 was not a loaded control class.
Line 27: The property name _ExtentX in ListView1 is invalid.
Line 28: The property name _ExtentY in ListView1 is invalid.
Line 29: The property name LabelWrap in ListView1 is invalid.
Line 30: The property name HideSelection in ListView1 is invalid.
Line 31: The property name _Version in ListView1 is invalid.
Line 36: The property name NumItems in ListView1 is invalid.
Line 39: The property name ColumnHeader(1) in ListView1 is invalid.
Line 43: The property name ColumnHeader(2) in ListView1 is invalid.
Line 47: The property name ColumnHeader(3) in ListView1 is invalid.
Line 51: The property name ColumnHeader(4) in ListView1 is invalid.
Line 55: The property name ColumnHeader(5) in ListView1 is invalid.
Line 59: The property name ColumnHeader(6) in ListView1 is invalid.
Line 27: The property name _ExtentX in ListView1 is invalid.
Line 28: The property name _ExtentY in ListView1 is invalid.
Line 29: The property name LabelWrap in ListView1 is invalid.
Line 30: The property name HideSelection in ListView1 is invalid.
Line 31: The property name _Version in ListView1 is invalid.
Line 36: The property name NumItems in ListView1 is invalid.
Line 39: The property name ColumnHeader(1) in ListView1 is invalid.
Line 43: The property name ColumnHeader(2) in ListView1 is invalid.
Line 47: The property name ColumnHeader(3) in ListView1 is invalid.
Line 51: The property name ColumnHeader(4) in ListView1 is invalid.
Line 55: The property name ColumnHeader(5) in ListView1 is invalid.
Line 59: The property name ColumnHeader(6) in ListView1 is invalid.
